<?xml version="1.0" encoding="UTF-8"?>
<!-- Generated by org.testng.reporters.JUnitReportReporter -->
<testsuite name="testCase.HelloTestNG" tests="2" time="0.027" ignored="0" failures="0" timestamp="27 二月 2020 08:16:08 GMT" skipped="0" hostname="DESKTOP-VEMALAM" errors="0">
  <testcase name="success_test_01" time="0.026" classname="testCase.HelloTestNG"/>
  <testcase name="success_test_02" time="0.001" classname="testCase.HelloTestNG"/>
</testsuite> <!-- testCase.HelloTestNG -->
